<?xml version="1.0" encoding="UTF-8"?>
<!-- Generated by org.testng.reporters.JUnitReportReporter -->
<testsuite hostname="DESKTOP-6MQ2F4A" failures="0" tests="2" name="qaclickacademy.mavenjava.AppiumTest" time="0.010" errors="0" timestamp="2021-01-01T16:13:36 AEDT" skipped="0">
  <testcase classname="qaclickacademy.mavenjava.AppiumTest" name="appLogout" time="0.002"/>
  <system-out/>
  <testcase classname="qaclickacademy.mavenjava.AppiumTest" name="appLogin" time="0.008"/>
  <system-out/>
</testsuite> <!-- qaclickacademy.mavenjava.AppiumTest -->
