<?xml version="1.0" encoding="UTF-8"?>
<!-- Generated by org.testng.reporters.JUnitReportReporter -->
<testsuite hostname="DESKTOP-6MQ2F4A" failures="0" tests="2" name="qaclickacademy.mavenjava.SeleniumTest" time="0.004" errors="0" timestamp="2021-01-01T22:08:18 AEDT" skipped="0">
  <testcase classname="qaclickacademy.mavenjava.SeleniumTest" name="userLogin" time="0.003"/>
  <system-out/>
  <testcase classname="qaclickacademy.mavenjava.SeleniumTest" name="userLogout" time="0.001"/>
  <system-out/>
</testsuite> <!-- qaclickacademy.mavenjava.SeleniumTest -->
